  316141488_ProyectoFinal_GPO12.cpp
C:\Users\genar\OneDrive\Escritorio\pfinal cgeihc\ProyectoFinal\ProyectoFinal\316141488_ProyectoFinal_GPO12.cpp(288,30): warning C4244: 'inicializando': conversión de 'double' a 'GLfloat'; posible pérdida de datos
C:\Users\genar\OneDrive\Escritorio\pfinal cgeihc\ProyectoFinal\ProyectoFinal\316141488_ProyectoFinal_GPO12.cpp(315,27): warning C4244: '=': conversión de 'double' a 'T'; posible pérdida de datos
          with
          [
              T=float
          ]
C:\Users\genar\OneDrive\Escritorio\pfinal cgeihc\ProyectoFinal\ProyectoFinal\316141488_ProyectoFinal_GPO12.cpp(316,27): warning C4244: '=': conversión de 'double' a 'T'; posible pérdida de datos
          with
          [
              T=float
          ]
C:\Users\genar\OneDrive\Escritorio\pfinal cgeihc\ProyectoFinal\ProyectoFinal\316141488_ProyectoFinal_GPO12.cpp(317,27): warning C4244: '=': conversión de 'double' a 'T'; posible pérdida de datos
          with
          [
              T=float
          ]
C:\Users\genar\OneDrive\Escritorio\pfinal cgeihc\ProyectoFinal\ProyectoFinal\316141488_ProyectoFinal_GPO12.cpp(331,27): warning C4244: '=': conversión de 'double' a 'T'; posible pérdida de datos
          with
          [
              T=float
          ]
C:\Users\genar\OneDrive\Escritorio\pfinal cgeihc\ProyectoFinal\ProyectoFinal\316141488_ProyectoFinal_GPO12.cpp(332,27): warning C4244: '=': conversión de 'double' a 'T'; posible pérdida de datos
          with
          [
              T=float
          ]
C:\Users\genar\OneDrive\Escritorio\pfinal cgeihc\ProyectoFinal\ProyectoFinal\316141488_ProyectoFinal_GPO12.cpp(333,27): warning C4244: '=': conversión de 'double' a 'T'; posible pérdida de datos
          with
          [
              T=float
          ]
C:\Users\genar\OneDrive\Escritorio\pfinal cgeihc\ProyectoFinal\ProyectoFinal\316141488_ProyectoFinal_GPO12.cpp(344,27): warning C4244: '=': conversión de 'double' a 'T'; posible pérdida de datos
          with
          [
              T=float
          ]
C:\Users\genar\OneDrive\Escritorio\pfinal cgeihc\ProyectoFinal\ProyectoFinal\316141488_ProyectoFinal_GPO12.cpp(345,27): warning C4244: '=': conversión de 'double' a 'T'; posible pérdida de datos
          with
          [
              T=float
          ]
C:\Users\genar\OneDrive\Escritorio\pfinal cgeihc\ProyectoFinal\ProyectoFinal\316141488_ProyectoFinal_GPO12.cpp(346,27): warning C4244: '=': conversión de 'double' a 'T'; posible pérdida de datos
          with
          [
              T=float
          ]
C:\Users\genar\OneDrive\Escritorio\pfinal cgeihc\ProyectoFinal\ProyectoFinal\316141488_ProyectoFinal_GPO12.cpp(356,27): warning C4244: '=': conversión de 'double' a 'T'; posible pérdida de datos
          with
          [
              T=float
          ]
C:\Users\genar\OneDrive\Escritorio\pfinal cgeihc\ProyectoFinal\ProyectoFinal\316141488_ProyectoFinal_GPO12.cpp(357,27): warning C4244: '=': conversión de 'double' a 'T'; posible pérdida de datos
          with
          [
              T=float
          ]
C:\Users\genar\OneDrive\Escritorio\pfinal cgeihc\ProyectoFinal\ProyectoFinal\316141488_ProyectoFinal_GPO12.cpp(358,27): warning C4244: '=': conversión de 'double' a 'T'; posible pérdida de datos
          with
          [
              T=float
          ]
C:\Users\genar\OneDrive\Escritorio\pfinal cgeihc\ProyectoFinal\ProyectoFinal\316141488_ProyectoFinal_GPO12.cpp(368,111): warning C4244: 'argumento': conversión de 'double' a 'GLfloat'; posible pérdida de datos
C:\Users\genar\OneDrive\Escritorio\pfinal cgeihc\ProyectoFinal\ProyectoFinal\316141488_ProyectoFinal_GPO12.cpp(368,93): warning C4244: 'argumento': conversión de 'double' a 'GLfloat'; posible pérdida de datos
C:\Users\genar\OneDrive\Escritorio\pfinal cgeihc\ProyectoFinal\ProyectoFinal\316141488_ProyectoFinal_GPO12.cpp(369,112): warning C4244: 'argumento': conversión de 'double' a 'GLfloat'; posible pérdida de datos
C:\Users\genar\OneDrive\Escritorio\pfinal cgeihc\ProyectoFinal\ProyectoFinal\316141488_ProyectoFinal_GPO12.cpp(369,94): warning C4244: 'argumento': conversión de 'double' a 'GLfloat'; posible pérdida de datos
C:\Users\genar\OneDrive\Escritorio\pfinal cgeihc\ProyectoFinal\ProyectoFinal\316141488_ProyectoFinal_GPO12.cpp(579,29): warning C4244: '=': conversión de 'double' a 'float'; posible pérdida de datos
C:\Users\genar\OneDrive\Escritorio\pfinal cgeihc\ProyectoFinal\ProyectoFinal\316141488_ProyectoFinal_GPO12.cpp(594,29): warning C4244: '=': conversión de 'double' a 'float'; posible pérdida de datos
C:\Users\genar\OneDrive\Escritorio\pfinal cgeihc\ProyectoFinal\ProyectoFinal\316141488_ProyectoFinal_GPO12.cpp(261,38): warning C4101: 'nrChannels': variable local sin referencia
C:\Users\genar\OneDrive\Escritorio\pfinal cgeihc\ProyectoFinal\ProyectoFinal\316141488_ProyectoFinal_GPO12.cpp(261,9): warning C4101: 'textureWidth': variable local sin referencia
C:\Users\genar\OneDrive\Escritorio\pfinal cgeihc\ProyectoFinal\ProyectoFinal\316141488_ProyectoFinal_GPO12.cpp(263,20): warning C4101: 'image': variable local sin referencia
C:\Users\genar\OneDrive\Escritorio\pfinal cgeihc\ProyectoFinal\ProyectoFinal\316141488_ProyectoFinal_GPO12.cpp(261,23): warning C4101: 'textureHeight': variable local sin referencia
C:\Users\genar\OneDrive\Escritorio\pfinal cgeihc\ProyectoFinal\ProyectoFinal\316141488_ProyectoFinal_GPO12.cpp(788,25): warning C4305: '=': truncamiento de 'double' a 'float'
C:\Users\genar\OneDrive\Escritorio\pfinal cgeihc\ProyectoFinal\ProyectoFinal\316141488_ProyectoFinal_GPO12.cpp(789,24): warning C4305: '=': truncamiento de 'double' a 'float'
C:\Users\genar\OneDrive\Escritorio\pfinal cgeihc\ProyectoFinal\ProyectoFinal\316141488_ProyectoFinal_GPO12.cpp(834,17): warning C4244: '=': conversión de 'double' a 'GLfloat'; posible pérdida de datos
C:\Users\genar\OneDrive\Escritorio\pfinal cgeihc\ProyectoFinal\ProyectoFinal\316141488_ProyectoFinal_GPO12.cpp(835,17): warning C4244: '=': conversión de 'double' a 'GLfloat'; posible pérdida de datos
C:\Users\genar\OneDrive\Escritorio\pfinal cgeihc\ProyectoFinal\ProyectoFinal\316141488_ProyectoFinal_GPO12.cpp(839,21): warning C4244: 'inicializando': conversión de 'double' a 'GLfloat'; posible pérdida de datos
C:\Users\genar\OneDrive\Escritorio\pfinal cgeihc\ProyectoFinal\ProyectoFinal\316141488_ProyectoFinal_GPO12.cpp(840,21): warning C4244: 'inicializando': conversión de 'double' a 'GLfloat'; posible pérdida de datos
C:\Users\genar\OneDrive\Escritorio\pfinal cgeihc\ProyectoFinal\ProyectoFinal\316141488_ProyectoFinal_GPO12.cpp(842,13): warning C4244: '=': conversión de 'double' a 'GLfloat'; posible pérdida de datos
C:\Users\genar\OneDrive\Escritorio\pfinal cgeihc\ProyectoFinal\ProyectoFinal\316141488_ProyectoFinal_GPO12.cpp(843,13): warning C4244: '=': conversión de 'double' a 'GLfloat'; posible pérdida de datos
soil2-debug.lib(SOIL2.obj) : warning LNK4075: se omite '/EDITANDCONTINUE' debido a la especificación '/OPT:ICF'
LINK : warning LNK4098: la biblioteca predeterminada'MSVCRTD' entra en conflicto con otras bibliotecas; use la biblioteca /NODEFAULTLIB:biblioteca
  Generando código
  Previous IPDB not found, fall back to full compilation.
  All 624 functions were compiled because no usable IPDB/IOBJ from previous compilation was found.
  Generación de código finalizada
soil2-debug.lib(etc1_utils.obj) : warning LNK4099: no se encontró PDB 'soil2-debug.pdb' con 'soil2-debug.lib(etc1_utils.obj)' o en 'C:\Users\genar\OneDrive\Escritorio\pfinal cgeihc\ProyectoFinal\Release\soil2-debug.pdb'; se vinculará el objeto sin tener en cuenta información de depuración
soil2-debug.lib(image_DXT.obj) : warning LNK4099: no se encontró PDB 'soil2-debug.pdb' con 'soil2-debug.lib(image_DXT.obj)' o en 'C:\Users\genar\OneDrive\Escritorio\pfinal cgeihc\ProyectoFinal\Release\soil2-debug.pdb'; se vinculará el objeto sin tener en cuenta información de depuración
soil2-debug.lib(image_helper.obj) : warning LNK4099: no se encontró PDB 'soil2-debug.pdb' con 'soil2-debug.lib(image_helper.obj)' o en 'C:\Users\genar\OneDrive\Escritorio\pfinal cgeihc\ProyectoFinal\Release\soil2-debug.pdb'; se vinculará el objeto sin tener en cuenta información de depuración
soil2-debug.lib(SOIL2.obj) : warning LNK4099: no se encontró PDB 'soil2-debug.pdb' con 'soil2-debug.lib(SOIL2.obj)' o en 'C:\Users\genar\OneDrive\Escritorio\pfinal cgeihc\ProyectoFinal\Release\soil2-debug.pdb'; se vinculará el objeto sin tener en cuenta información de depuración
  ProyectoFinal.vcxproj -> C:\Users\genar\OneDrive\Escritorio\pfinal cgeihc\ProyectoFinal\Release\ProyectoFinal.exe
