  316141488_ProyectoFinal_GPO12.cpp
C:\Users\genar\OneDrive\Escritorio\pfinal cgeihc\ProyectoFinal\ProyectoFinal\316141488_ProyectoFinal_GPO12.cpp(268,30): warning C4244: 'inicializando': conversión de 'double' a 'GLfloat'; posible pérdida de datos
C:\Users\genar\OneDrive\Escritorio\pfinal cgeihc\ProyectoFinal\ProyectoFinal\316141488_ProyectoFinal_GPO12.cpp(295,27): warning C4244: '=': conversión de 'double' a 'T'; posible pérdida de datos
          with
          [
              T=float
          ]
C:\Users\genar\OneDrive\Escritorio\pfinal cgeihc\ProyectoFinal\ProyectoFinal\316141488_ProyectoFinal_GPO12.cpp(296,27): warning C4244: '=': conversión de 'double' a 'T'; posible pérdida de datos
          with
          [
              T=float
          ]
C:\Users\genar\OneDrive\Escritorio\pfinal cgeihc\ProyectoFinal\ProyectoFinal\316141488_ProyectoFinal_GPO12.cpp(297,27): warning C4244: '=': conversión de 'double' a 'T'; posible pérdida de datos
          with
          [
              T=float
          ]
C:\Users\genar\OneDrive\Escritorio\pfinal cgeihc\ProyectoFinal\ProyectoFinal\316141488_ProyectoFinal_GPO12.cpp(311,27): warning C4244: '=': conversión de 'double' a 'T'; posible pérdida de datos
          with
          [
              T=float
          ]
C:\Users\genar\OneDrive\Escritorio\pfinal cgeihc\ProyectoFinal\ProyectoFinal\316141488_ProyectoFinal_GPO12.cpp(312,27): warning C4244: '=': conversión de 'double' a 'T'; posible pérdida de datos
          with
          [
              T=float
          ]
C:\Users\genar\OneDrive\Escritorio\pfinal cgeihc\ProyectoFinal\ProyectoFinal\316141488_ProyectoFinal_GPO12.cpp(313,27): warning C4244: '=': conversión de 'double' a 'T'; posible pérdida de datos
          with
          [
              T=float
          ]
C:\Users\genar\OneDrive\Escritorio\pfinal cgeihc\ProyectoFinal\ProyectoFinal\316141488_ProyectoFinal_GPO12.cpp(324,27): warning C4244: '=': conversión de 'double' a 'T'; posible pérdida de datos
          with
          [
              T=float
          ]
C:\Users\genar\OneDrive\Escritorio\pfinal cgeihc\ProyectoFinal\ProyectoFinal\316141488_ProyectoFinal_GPO12.cpp(325,27): warning C4244: '=': conversión de 'double' a 'T'; posible pérdida de datos
          with
          [
              T=float
          ]
C:\Users\genar\OneDrive\Escritorio\pfinal cgeihc\ProyectoFinal\ProyectoFinal\316141488_ProyectoFinal_GPO12.cpp(326,27): warning C4244: '=': conversión de 'double' a 'T'; posible pérdida de datos
          with
          [
              T=float
          ]
C:\Users\genar\OneDrive\Escritorio\pfinal cgeihc\ProyectoFinal\ProyectoFinal\316141488_ProyectoFinal_GPO12.cpp(336,27): warning C4244: '=': conversión de 'double' a 'T'; posible pérdida de datos
          with
          [
              T=float
          ]
C:\Users\genar\OneDrive\Escritorio\pfinal cgeihc\ProyectoFinal\ProyectoFinal\316141488_ProyectoFinal_GPO12.cpp(337,27): warning C4244: '=': conversión de 'double' a 'T'; posible pérdida de datos
          with
          [
              T=float
          ]
C:\Users\genar\OneDrive\Escritorio\pfinal cgeihc\ProyectoFinal\ProyectoFinal\316141488_ProyectoFinal_GPO12.cpp(338,27): warning C4244: '=': conversión de 'double' a 'T'; posible pérdida de datos
          with
          [
              T=float
          ]
C:\Users\genar\OneDrive\Escritorio\pfinal cgeihc\ProyectoFinal\ProyectoFinal\316141488_ProyectoFinal_GPO12.cpp(348,111): warning C4244: 'argumento': conversión de 'double' a 'GLfloat'; posible pérdida de datos
C:\Users\genar\OneDrive\Escritorio\pfinal cgeihc\ProyectoFinal\ProyectoFinal\316141488_ProyectoFinal_GPO12.cpp(348,93): warning C4244: 'argumento': conversión de 'double' a 'GLfloat'; posible pérdida de datos
C:\Users\genar\OneDrive\Escritorio\pfinal cgeihc\ProyectoFinal\ProyectoFinal\316141488_ProyectoFinal_GPO12.cpp(349,112): warning C4244: 'argumento': conversión de 'double' a 'GLfloat'; posible pérdida de datos
C:\Users\genar\OneDrive\Escritorio\pfinal cgeihc\ProyectoFinal\ProyectoFinal\316141488_ProyectoFinal_GPO12.cpp(349,94): warning C4244: 'argumento': conversión de 'double' a 'GLfloat'; posible pérdida de datos
C:\Users\genar\OneDrive\Escritorio\pfinal cgeihc\ProyectoFinal\ProyectoFinal\316141488_ProyectoFinal_GPO12.cpp(559,29): warning C4244: '=': conversión de 'double' a 'float'; posible pérdida de datos
C:\Users\genar\OneDrive\Escritorio\pfinal cgeihc\ProyectoFinal\ProyectoFinal\316141488_ProyectoFinal_GPO12.cpp(574,29): warning C4244: '=': conversión de 'double' a 'float'; posible pérdida de datos
C:\Users\genar\OneDrive\Escritorio\pfinal cgeihc\ProyectoFinal\ProyectoFinal\316141488_ProyectoFinal_GPO12.cpp(241,38): warning C4101: 'nrChannels': variable local sin referencia
C:\Users\genar\OneDrive\Escritorio\pfinal cgeihc\ProyectoFinal\ProyectoFinal\316141488_ProyectoFinal_GPO12.cpp(241,9): warning C4101: 'textureWidth': variable local sin referencia
C:\Users\genar\OneDrive\Escritorio\pfinal cgeihc\ProyectoFinal\ProyectoFinal\316141488_ProyectoFinal_GPO12.cpp(243,20): warning C4101: 'image': variable local sin referencia
C:\Users\genar\OneDrive\Escritorio\pfinal cgeihc\ProyectoFinal\ProyectoFinal\316141488_ProyectoFinal_GPO12.cpp(241,23): warning C4101: 'textureHeight': variable local sin referencia
C:\Users\genar\OneDrive\Escritorio\pfinal cgeihc\ProyectoFinal\ProyectoFinal\316141488_ProyectoFinal_GPO12.cpp(756,25): warning C4305: '=': truncamiento de 'double' a 'float'
C:\Users\genar\OneDrive\Escritorio\pfinal cgeihc\ProyectoFinal\ProyectoFinal\316141488_ProyectoFinal_GPO12.cpp(757,24): warning C4305: '=': truncamiento de 'double' a 'float'
C:\Users\genar\OneDrive\Escritorio\pfinal cgeihc\ProyectoFinal\ProyectoFinal\316141488_ProyectoFinal_GPO12.cpp(797,17): warning C4244: '=': conversión de 'double' a 'GLfloat'; posible pérdida de datos
C:\Users\genar\OneDrive\Escritorio\pfinal cgeihc\ProyectoFinal\ProyectoFinal\316141488_ProyectoFinal_GPO12.cpp(798,17): warning C4244: '=': conversión de 'double' a 'GLfloat'; posible pérdida de datos
C:\Users\genar\OneDrive\Escritorio\pfinal cgeihc\ProyectoFinal\ProyectoFinal\316141488_ProyectoFinal_GPO12.cpp(802,21): warning C4244: 'inicializando': conversión de 'double' a 'GLfloat'; posible pérdida de datos
C:\Users\genar\OneDrive\Escritorio\pfinal cgeihc\ProyectoFinal\ProyectoFinal\316141488_ProyectoFinal_GPO12.cpp(803,21): warning C4244: 'inicializando': conversión de 'double' a 'GLfloat'; posible pérdida de datos
C:\Users\genar\OneDrive\Escritorio\pfinal cgeihc\ProyectoFinal\ProyectoFinal\316141488_ProyectoFinal_GPO12.cpp(805,13): warning C4244: '=': conversión de 'double' a 'GLfloat'; posible pérdida de datos
C:\Users\genar\OneDrive\Escritorio\pfinal cgeihc\ProyectoFinal\ProyectoFinal\316141488_ProyectoFinal_GPO12.cpp(806,13): warning C4244: '=': conversión de 'double' a 'GLfloat'; posible pérdida de datos
LINK : warning LNK4098: la biblioteca predeterminada'MSVCRT' entra en conflicto con otras bibliotecas; use la biblioteca /NODEFAULTLIB:biblioteca
soil2-debug.lib(etc1_utils.obj) : warning LNK4099: no se encontró PDB 'soil2-debug.pdb' con 'soil2-debug.lib(etc1_utils.obj)' o en 'C:\Users\genar\OneDrive\Escritorio\pfinal cgeihc\ProyectoFinal\Debug\soil2-debug.pdb'; se vinculará el objeto sin tener en cuenta información de depuración
soil2-debug.lib(image_DXT.obj) : warning LNK4099: no se encontró PDB 'soil2-debug.pdb' con 'soil2-debug.lib(image_DXT.obj)' o en 'C:\Users\genar\OneDrive\Escritorio\pfinal cgeihc\ProyectoFinal\Debug\soil2-debug.pdb'; se vinculará el objeto sin tener en cuenta información de depuración
soil2-debug.lib(image_helper.obj) : warning LNK4099: no se encontró PDB 'soil2-debug.pdb' con 'soil2-debug.lib(image_helper.obj)' o en 'C:\Users\genar\OneDrive\Escritorio\pfinal cgeihc\ProyectoFinal\Debug\soil2-debug.pdb'; se vinculará el objeto sin tener en cuenta información de depuración
soil2-debug.lib(SOIL2.obj) : warning LNK4099: no se encontró PDB 'soil2-debug.pdb' con 'soil2-debug.lib(SOIL2.obj)' o en 'C:\Users\genar\OneDrive\Escritorio\pfinal cgeihc\ProyectoFinal\Debug\soil2-debug.pdb'; se vinculará el objeto sin tener en cuenta información de depuración
  ProyectoFinal.vcxproj -> C:\Users\genar\OneDrive\Escritorio\pfinal cgeihc\ProyectoFinal\Debug\ProyectoFinal.exe
